0 info it worked if it ends with ok
1 verbose cli [ 'C:\\Program Files\\nodejs\\node.exe',
1 verbose cli   'C:\\Program Files\\nodejs\\node_modules\\npm\\bin\\npm-cli.js',
1 verbose cli   'run',
1 verbose cli   'deploy' ]
2 info using npm@3.10.10
3 info using node@v6.9.5
4 verbose run-script [ 'predeploy', 'deploy', 'postdeploy' ]
5 info lifecycle player_comparison@1.0.0~predeploy: player_comparison@1.0.0
6 verbose lifecycle player_comparison@1.0.0~predeploy: unsafe-perm in lifecycle true
7 verbose lifecycle player_comparison@1.0.0~predeploy: PATH: C:\Program Files\nodejs\node_modules\npm\bin\node-gyp-bin;C:\Users\jayos\Desktop\react_projects\football_players\node_modules\.bin;C:\Program Files (x86)\Intel\iCLS Client\;C:\Program Files\Intel\iCLS Client\;C:\Windows\system32;C:\Windows;C:\Windows\System32\Wbem;C:\Windows\System32\WindowsPowerShell\v1.0\;C:\Program Files (x86)\NVIDIA Corporation\PhysX\Common;C:\Program Files (x86)\Intel\Intel(R) Management Engine Components\DAL;C:\Program Files\Intel\Intel(R) Management Engine Components\DAL;C:\Program Files (x86)\Intel\Intel(R) Management Engine Components\IPT;C:\Program Files\Intel\Intel(R) Management Engine Components\IPT;C:\Program Files\Intel\WiFi\bin\;C:\Program Files\Common Files\Intel\WirelessCommon\;C:\WINDOWS\system32;C:\WINDOWS;C:\WINDOWS\System32\Wbem;C:\WINDOWS\System32\WindowsPowerShell\v1.0\;C:\Program Files (x86)\Skype\Phone\;C:\Program Files\Git\cmd;C:\Program Files\Git\mingw64\bin;C:\Program Files\Git\usr\bin;C:\Program Files\nodejs\;C:\Program Files (x86)\Windows Kits\8.1\Windows Performance Toolkit\;C:\MongoDB\server\3.4\bin;C:\Users\jayos\AppData\Local\Programs\Python\Python35-32\Scripts\;C:\Users\jayos\AppData\Local\Programs\Python\Python35-32\;C:\Users\jayos\AppData\Local\Microsoft\WindowsApps;C:\Users\jayos\AppData\Roaming\npm;C:\Users\jayos\AppData\Local\atom\bin;%USERPROFILE%\AppData\Local\Microsoft\WindowsApps;
8 verbose lifecycle player_comparison@1.0.0~predeploy: CWD: C:\Users\jayos\Desktop\react_projects\football_players
9 silly lifecycle player_comparison@1.0.0~predeploy: Args: [ '/d /s /c', 'npm start' ]
10 silly lifecycle player_comparison@1.0.0~predeploy: Returned: code: 1  signal: null
11 info lifecycle player_comparison@1.0.0~predeploy: Failed to exec predeploy script
12 verbose stack Error: player_comparison@1.0.0 predeploy: `npm start`
12 verbose stack Exit status 1
12 verbose stack     at EventEmitter.<anonymous> (C:\Program Files\nodejs\node_modules\npm\lib\utils\lifecycle.js:255:16)
12 verbose stack     at emitTwo (events.js:106:13)
12 verbose stack     at EventEmitter.emit (events.js:191:7)
12 verbose stack     at ChildProcess.<anonymous> (C:\Program Files\nodejs\node_modules\npm\lib\utils\spawn.js:40:14)
12 verbose stack     at emitTwo (events.js:106:13)
12 verbose stack     at ChildProcess.emit (events.js:191:7)
12 verbose stack     at maybeClose (internal/child_process.js:877:16)
12 verbose stack     at Process.ChildProcess._handle.onexit (internal/child_process.js:226:5)
13 verbose pkgid player_comparison@1.0.0
14 verbose cwd C:\Users\jayos\Desktop\react_projects\football_players
15 error Windows_NT 10.0.15063
16 error argv "C:\\Program Files\\nodejs\\node.exe" "C:\\Program Files\\nodejs\\node_modules\\npm\\bin\\npm-cli.js" "run" "deploy"
17 error node v6.9.5
18 error npm  v3.10.10
19 error code ELIFECYCLE
20 error player_comparison@1.0.0 predeploy: `npm start`
20 error Exit status 1
21 error Failed at the player_comparison@1.0.0 predeploy script 'npm start'.
21 error Make sure you have the latest version of node.js and npm installed.
21 error If you do, this is most likely a problem with the player_comparison package,
21 error not with npm itself.
21 error Tell the author that this fails on your system:
21 error     npm start
21 error You can get information on how to open an issue for this project with:
21 error     npm bugs player_comparison
21 error Or if that isn't available, you can get their info via:
21 error     npm owner ls player_comparison
21 error There is likely additional logging output above.
22 verbose exit [ 1, true ]
